Index(['frac_tile_drained', 'lat', 'lon', 'awc_mean_0_5', 'awc_mean_5_15',
       'awc_mean_15_30', 'awc_mean_30_60', 'awc_mean_60_100', 'om_mean_0_5',
       'om_mean_5_15', 'om_mean_15_30', 'om_mean_30_60', 'om_mean_60_100',
       'clay_mean_0_5', 'clay_mean_5_15', 'clay_mean_15_30', 'clay_mean_30_60',
       'clay_mean_60_100', 'ksat_mean_0_5', 'ksat_mean_5_15',
       'ksat_mean_15_30', 'ksat_mean_30_60', 'ksat_mean_60_100',
       'evaptrans_01', 'evaptrans_02', 'evaptrans_03', 'evaptrans_04',
       'evaptrans_05', 'evaptrans_06', 'runsurf_01', 'runsurf_02',
       'runsurf_03', 'runsurf_04', 'runsurf_05', 'runsurf_06', 'runsub_01',
       'runsub_02', 'runsub_03', 'runsub_04', 'runsub_05', 'runsub_06',
       'rain_01', 'rain_02', 'rain_03', 'rain_04', 'rain_05', 'rain_06',
       'tempair_01', 'tempair_02', 'tempair_03', 'tempair_04', 'tempair_05',
       'tempair_06', 'watersoil_01', 'watersoil_02', 'watersoil_03',
       'watersoil_04', 'watersoil_05', 'watersoil_06', 'tempsoil_01',
       'tempsoil_02', 'tempsoil_03', 'tempsoil_04', 'tempsoil_05',
       'tempsoil_06'],
      dtype='object')
{'regressor__n_estimators': <scipy.stats._distn_infrastructure.rv_discrete_frozen object at 0x7fce2fcd0160>, 'regressor__min_samples_leaf': <scipy.stats._distn_infrastructure.rv_discrete_frozen object at 0x7fce2fcd05b0>, 'regressor__max_depth': <scipy.stats._distn_infrastructure.rv_discrete_frozen object at 0x7fce2fcd0760>, 'regressor__max_samples': <scipy.stats._distn_infrastructure.rv_continuous_frozen object at 0x7fce2fcd0a00>, 'classifier__n_estimators': <scipy.stats._distn_infrastructure.rv_discrete_frozen object at 0x7fce2fcd0d00>, 'classifier__min_samples_leaf': <scipy.stats._distn_infrastructure.rv_discrete_frozen object at 0x7fce2fcd0fa0>, 'classifier__max_depth': <scipy.stats._distn_infrastructure.rv_discrete_frozen object at 0x7fce2fcd0b20>, 'classifier__max_samples': <scipy.stats._distn_infrastructure.rv_continuous_frozen object at 0x7fce2faf11f0>}
Fitting 5 folds for each of 25 candidates, totalling 125 fits
ZIR model (split train-test): 25-iter CV
Random State: 3
Goodness of Fit (R2): 0.7072423627282223
Mean Absolute Error (MAE): 0.007453992206480885
Mean Squared Error (MSE): 0.0011527311910231057
Root Mean Squared Error (RMSE): 0.033951895249353985
Mean Absolute Percentage Error (MAPE): 83.16
Accuracy: 16.84
